============================= test session starts ==============================
platform linux -- Python 3.13.5, pytest-9.0.2, pluggy-1.6.0 -- /opt/pyvenv/bin/python3
cachedir: .pytest_cache
metadata: {'Python': '3.13.5', 'Platform': 'Linux-4.4.0-x86_64-with-glibc2.41', 'Packages': {'pytest': '9.0.2', 'pluggy': '1.6.0'}, 'Plugins': {'asyncio': '1.3.0', 'anyio': '4.12.1', 'Faker': '40.1.2', 'cov': '7.0.0', 'ddtrace': '4.4.0', 'json-report': '1.5.0', 'metadata': '3.1.1'}, 'PLATFORM': 'linux/amd64', 'CI': 'true'}
rootdir: /mnt/data/rebuild_ai32/ai32_build
plugins: asyncio-1.3.0, anyio-4.12.1, Faker-40.1.2, cov-7.0.0, ddtrace-4.4.0, json-report-1.5.0, metadata-3.1.1
asyncio: mode=Mode.STRICT, debug=False, asyncio_default_fixture_loop_scope=None, asyncio_default_test_loop_scope=function
collecting ... collected 69 items

scripts/ai/tests/test_central_server_v1.py::test_collect_insight_meta_only PASSED [  1%]
scripts/ai/tests/test_central_server_v1.py::test_collect_reject_raw PASSED [  2%]
scripts/ai/tests/test_central_server_v1.py::test_collect_counter_increment PASSED [  4%]
scripts/ai/tests/test_central_server_v1.py::test_collect_trigger_on_threshold PASSED [  5%]
scripts/ai/tests/test_central_server_v1.py::test_kb_index_document PASSED [  7%]
scripts/ai/tests/test_central_server_v1.py::test_kb_no_raw_content PASSED [  8%]
scripts/ai/tests/test_central_server_v1.py::test_kb_team_aggregation PASSED [ 10%]
scripts/ai/tests/test_central_server_v1.py::test_kb_coverage_stats PASSED [ 11%]
scripts/ai/tests/test_central_server_v1.py::test_kb_lineage PASSED       [ 13%]
scripts/ai/tests/test_central_server_v1.py::test_learner_job_created PASSED [ 14%]
scripts/ai/tests/test_central_server_v1.py::test_learner_no_trigger_below PASSED [ 15%]
scripts/ai/tests/test_central_server_v1.py::test_learner_model_version_created PASSED [ 17%]
scripts/ai/tests/test_central_server_v1.py::test_learner_auto_validate PASSED [ 18%]
scripts/ai/tests/test_central_server_v1.py::test_learner_no_auto_approve PASSED [ 20%]
scripts/ai/tests/test_central_server_v1.py::test_registry_register PASSED [ 21%]
scripts/ai/tests/test_central_server_v1.py::test_registry_approve PASSED [ 23%]
scripts/ai/tests/test_central_server_v1.py::test_registry_pending_block PASSED [ 24%]
scripts/ai/tests/test_central_server_v1.py::test_registry_validated_block PASSED [ 26%]
scripts/ai/tests/test_central_server_v1.py::test_registry_latest_approved PASSED [ 27%]
scripts/ai/tests/test_central_server_v1.py::test_registry_deprecate PASSED [ 28%]
scripts/ai/tests/test_central_server_v1.py::test_deploy_approved_only PASSED [ 30%]
scripts/ai/tests/test_central_server_v1.py::test_deploy_pending_blocked PASSED [ 31%]
scripts/ai/tests/test_central_server_v1.py::test_deploy_safe_mode_blocked PASSED [ 33%]
scripts/ai/tests/test_central_server_v1.py::test_audit_no_raw_text PASSED [ 34%]
scripts/ai/tests/test_central_server_v1.py::test_audit_required_fields PASSED [ 36%]
scripts/ai/tests/test_central_server_v1.py::test_audit_append_idempotent PASSED [ 37%]
scripts/ai/tests/test_central_server_v1.py::test_persistence_atomic_write PASSED [ 39%]
scripts/ai/tests/test_central_server_v1.py::test_persistence_corruption_recovery PASSED [ 40%]
scripts/ai/tests/test_central_server_v1.py::test_persistence_backup_rotate PASSED [ 42%]
scripts/ai/tests/test_central_server_v1.py::test_persistence_load_with_fallback PASSED [ 43%]
scripts/ai/tests/test_central_server_v1.py::test_safe_mode_blocks_deploy PASSED [ 44%]
scripts/ai/tests/test_central_server_v1.py::test_safe_mode_allows_kb_update PASSED [ 46%]
scripts/ai/tests/test_central_server_v1.py::test_safe_mode_report_fields PASSED [ 47%]
scripts/ai/tests/test_central_server_v1.py::test_no_egress_from_central PASSED [ 49%]
scripts/ai/tests/test_central_server_v1.py::test_no_raw_in_learning_job PASSED [ 50%]
scripts/ai/tests/test_central_server_v1.py::test_no_raw_in_deploy_order PASSED [ 52%]
scripts/ai/tests/test_central_server_v1.py::test_server_collect_to_deploy PASSED [ 53%]
scripts/ai/tests/test_central_server_v1.py::test_server_offline_mode PASSED [ 55%]
scripts/ai/tests/test_central_server_v1.py::test_server_report_schema PASSED [ 56%]
scripts/ai/tests/test_central_server_v1.py::test_import_all_modules PASSED [ 57%]
scripts/ai/tests/test_central_server_v1.py::test_learning_loop_e2e PASSED [ 59%]
scripts/ai/tests/test_central_server_v1.py::test_model_version_history PASSED [ 60%]
scripts/ai/tests/test_central_server_v1.py::test_persistence_schema_version_migration PASSED [ 62%]
scripts/ai/tests/test_central_server_v1.py::test_persistence_cross_file_consistency PASSED [ 63%]
scripts/ai/tests/test_central_server_v1.py::test_egress_policy_allowlist_only PASSED [ 65%]
scripts/ai/tests/test_central_server_v1.py::test_egress_exception_digest_only PASSED [ 66%]
scripts/ai/tests/test_central_server_v1.py::test_safe_mode_block_counter_increment PASSED [ 68%]
scripts/ai/tests/test_central_server_v1.py::test_safe_mode_exit_condition_reported PASSED [ 69%]
scripts/ai/tests/test_central_server_v1.py::test_registry_approval_audit_fields PASSED [ 71%]
scripts/ai/tests/test_central_server_v1.py::test_rag_zero_hit_reason_recorded PASSED [ 72%]
scripts/ai/tests/test_central_server_v1.py::test_report_contains_counts PASSED [ 73%]
scripts/ai/tests/test_central_server_v1.py::test_report_writer_atomic PASSED [ 75%]
scripts/ai/tests/test_central_server_v1.py::test_core_raw_request_blocked PASSED [ 76%]
scripts/ai/tests/test_central_server_v1.py::test_core_unknown_route_enters_safe_mode PASSED [ 78%]
scripts/ai/tests/test_central_server_v1.py::test_registry_get_latest_none PASSED [ 79%]
scripts/ai/tests/test_central_server_v1.py::test_deployer_model_not_found PASSED [ 81%]
scripts/ai/tests/test_central_server_v1.py::test_kb_query_policy_filtered PASSED [ 82%]
scripts/ai/tests/test_central_server_v1.py::test_kb_query_top1 PASSED    [ 84%]
scripts/ai/tests/test_central_server_v1.py::test_kb_query_diversity PASSED [ 85%]
scripts/ai/tests/test_central_server_v1.py::test_restore_state_after_restart PASSED [ 86%]
scripts/ai/tests/test_central_server_v1.py::test_report_latest_model_version_after_approve PASSED [ 88%]
scripts/ai/tests/test_central_server_v1.py::test_safe_mode_last_reason PASSED [ 89%]
scripts/ai/tests/test_central_server_v1.py::test_persistence_tmp_cleanup_on_failure PASSED [ 91%]
scripts/ai/tests/test_central_server_v1.py::test_persistence_lock_available PASSED [ 92%]
scripts/ai/tests/test_central_server_v1.py::test_policy_block_deploy_in_safe_mode_response PASSED [ 94%]
scripts/ai/tests/test_central_server_v1.py::test_egress_block_counter PASSED [ 95%]
scripts/ai/tests/test_central_server_v1.py::test_state_files_created PASSED [ 97%]
scripts/ai/tests/test_central_server_v1.py::test_bak_files_created_after_second_save PASSED [ 98%]
scripts/ai/tests/test_central_server_v1.py::test_report_file_written PASSED [100%]

=============================== warnings summary ===============================
scripts/ai/tests/test_central_server_v1.py::test_collect_insight_meta_only
scripts/ai/tests/test_central_server_v1.py::test_collect_reject_raw
scripts/ai/tests/test_central_server_v1.py::test_collect_counter_increment
scripts/ai/tests/test_central_server_v1.py::test_collect_counter_increment
scripts/ai/tests/test_central_server_v1.py::test_collect_trigger_on_threshold
  /mnt/data/rebuild_ai32/ai32_build/scripts/ai/tests/test_central_server_v1.py:33: DeprecationWarning: datetime.datetime.utcnow() is deprecated and scheduled for removal in a future version. Use timezone-aware objects to represent datetimes in UTC: datetime.datetime.now(datetime.UTC).
    return TeamInsight(team_id=team, insight_type="KB_UPDATE", data_digest16="d"*16, record_count=count, timestamp=datetime.utcnow().isoformat(), model_version="m0", source_server_id="ts1")

scripts/ai/tests/test_central_server_v1.py: 10 warnings
  /mnt/data/rebuild_ai32/ai32_build/scripts/ai/central_server/continuous_learner.py:20: DeprecationWarning: datetime.datetime.utcnow() is deprecated and scheduled for removal in a future version. Use timezone-aware objects to represent datetimes in UTC: datetime.datetime.now(datetime.UTC).
    created_at=datetime.utcnow().isoformat(),

scripts/ai/tests/test_central_server_v1.py: 12 warnings
  /mnt/data/rebuild_ai32/ai32_build/scripts/ai/tests/test_central_server_v1.py:36: DeprecationWarning: datetime.datetime.utcnow() is deprecated and scheduled for removal in a future version. Use timezone-aware objects to represent datetimes in UTC: datetime.datetime.now(datetime.UTC).
    return EnterpriseKBDoc(doc_id=doc_id, title_digest16="t"*16, summary="alpha beta gamma", tags=tags or ["alpha","beta"], team_id=team, version=version, access_level="TEAM", created_at=datetime.utcnow().isoformat(), lineage_id=lineage)

scripts/ai/tests/test_central_server_v1.py::test_learner_model_version_created
scripts/ai/tests/test_central_server_v1.py::test_learner_auto_validate
scripts/ai/tests/test_central_server_v1.py::test_learner_no_auto_approve
scripts/ai/tests/test_central_server_v1.py::test_server_collect_to_deploy
scripts/ai/tests/test_central_server_v1.py::test_learning_loop_e2e
scripts/ai/tests/test_central_server_v1.py::test_model_version_history
scripts/ai/tests/test_central_server_v1.py::test_report_latest_model_version_after_approve
  /mnt/data/rebuild_ai32/ai32_build/scripts/ai/central_server/continuous_learner.py:35: DeprecationWarning: datetime.datetime.utcnow() is deprecated and scheduled for removal in a future version. Use timezone-aware objects to represent datetimes in UTC: datetime.datetime.now(datetime.UTC).
    trained_at=datetime.utcnow().isoformat(),

scripts/ai/tests/test_central_server_v1.py::test_registry_register
  /mnt/data/rebuild_ai32/ai32_build/scripts/ai/tests/test_central_server_v1.py:126: DeprecationWarning: datetime.datetime.utcnow() is deprecated and scheduled for removal in a future version. Use timezone-aware objects to represent datetimes in UTC: datetime.datetime.now(datetime.UTC).
    mv = ModelVersion("v1","p1",datetime.utcnow().isoformat(),ModelStatus.PENDING.value,0.1,0,"j1")

scripts/ai/tests/test_central_server_v1.py::test_registry_approve
  /mnt/data/rebuild_ai32/ai32_build/scripts/ai/tests/test_central_server_v1.py:131: DeprecationWarning: datetime.datetime.utcnow() is deprecated and scheduled for removal in a future version. Use timezone-aware objects to represent datetimes in UTC: datetime.datetime.now(datetime.UTC).
    mv = ModelVersion("v1","p1",datetime.utcnow().isoformat(),ModelStatus.VALIDATED.value,0.91,0,"j1")

scripts/ai/tests/test_central_server_v1.py::test_registry_approve
scripts/ai/tests/test_central_server_v1.py::test_registry_latest_approved
scripts/ai/tests/test_central_server_v1.py::test_registry_latest_approved
scripts/ai/tests/test_central_server_v1.py::test_deploy_approved_only
scripts/ai/tests/test_central_server_v1.py::test_server_collect_to_deploy
scripts/ai/tests/test_central_server_v1.py::test_model_version_history
scripts/ai/tests/test_central_server_v1.py::test_registry_approval_audit_fields
scripts/ai/tests/test_central_server_v1.py::test_report_latest_model_version_after_approve
  /mnt/data/rebuild_ai32/ai32_build/scripts/ai/central_server/model_registry.py:18: DeprecationWarning: datetime.datetime.utcnow() is deprecated and scheduled for removal in a future version. Use timezone-aware objects to represent datetimes in UTC: datetime.datetime.now(datetime.UTC).
    version.approved_at = datetime.utcnow().isoformat()

scripts/ai/tests/test_central_server_v1.py::test_registry_pending_block
  /mnt/data/rebuild_ai32/ai32_build/scripts/ai/tests/test_central_server_v1.py:140: DeprecationWarning: datetime.datetime.utcnow() is deprecated and scheduled for removal in a future version. Use timezone-aware objects to represent datetimes in UTC: datetime.datetime.now(datetime.UTC).
    reg.register(ModelVersion("v1","p1",datetime.utcnow().isoformat(),ModelStatus.PENDING.value,0.1,0,"j1"))

scripts/ai/tests/test_central_server_v1.py: 14 warnings
  /mnt/data/rebuild_ai32/ai32_build/scripts/ai/tests/test_central_server_v1.py:39: DeprecationWarning: datetime.datetime.utcnow() is deprecated and scheduled for removal in a future version. Use timezone-aware objects to represent datetimes in UTC: datetime.datetime.now(datetime.UTC).
    return DeploymentOrder(order_id="order-1", model_version_id=version_id, target_type="ALL_TEAMS", target_ids=["team-a"], issued_at=datetime.utcnow().isoformat(), status="CREATED", requested_by="admin", requested_at=datetime.utcnow().isoformat(), deploy_order_digest16="o"*16, rollback_required_if="regression")

scripts/ai/tests/test_central_server_v1.py::test_registry_validated_block
  /mnt/data/rebuild_ai32/ai32_build/scripts/ai/tests/test_central_server_v1.py:147: DeprecationWarning: datetime.datetime.utcnow() is deprecated and scheduled for removal in a future version. Use timezone-aware objects to represent datetimes in UTC: datetime.datetime.now(datetime.UTC).
    reg.register(ModelVersion("v1","p1",datetime.utcnow().isoformat(),ModelStatus.VALIDATED.value,0.95,0,"j1"))

scripts/ai/tests/test_central_server_v1.py::test_registry_latest_approved
scripts/ai/tests/test_central_server_v1.py::test_registry_latest_approved
  /mnt/data/rebuild_ai32/ai32_build/scripts/ai/tests/test_central_server_v1.py:153: DeprecationWarning: datetime.datetime.utcnow() is deprecated and scheduled for removal in a future version. Use timezone-aware objects to represent datetimes in UTC: datetime.datetime.now(datetime.UTC).
    mv = ModelVersion(f"v{i}","p1",datetime.utcnow().isoformat(),ModelStatus.VALIDATED.value,0.95,0,"j1")

scripts/ai/tests/test_central_server_v1.py::test_registry_deprecate
  /mnt/data/rebuild_ai32/ai32_build/scripts/ai/tests/test_central_server_v1.py:159: DeprecationWarning: datetime.datetime.utcnow() is deprecated and scheduled for removal in a future version. Use timezone-aware objects to represent datetimes in UTC: datetime.datetime.now(datetime.UTC).
    mv = ModelVersion("v1","p1",datetime.utcnow().isoformat(),ModelStatus.APPROVED.value,0.95,1,"j1")

scripts/ai/tests/test_central_server_v1.py::test_deploy_approved_only
  /mnt/data/rebuild_ai32/ai32_build/scripts/ai/tests/test_central_server_v1.py:165: DeprecationWarning: datetime.datetime.utcnow() is deprecated and scheduled for removal in a future version. Use timezone-aware objects to represent datetimes in UTC: datetime.datetime.now(datetime.UTC).
    mv = ModelVersion("v1","p1",datetime.utcnow().isoformat(),ModelStatus.VALIDATED.value,0.95,0,"j1")

scripts/ai/tests/test_central_server_v1.py::test_deploy_pending_blocked
  /mnt/data/rebuild_ai32/ai32_build/scripts/ai/tests/test_central_server_v1.py:171: DeprecationWarning: datetime.datetime.utcnow() is deprecated and scheduled for removal in a future version. Use timezone-aware objects to represent datetimes in UTC: datetime.datetime.now(datetime.UTC).
    reg.register(ModelVersion("v1","p1",datetime.utcnow().isoformat(),ModelStatus.PENDING.value,0.1,0,"j1"))

scripts/ai/tests/test_central_server_v1.py::test_deploy_safe_mode_blocked
  /mnt/data/rebuild_ai32/ai32_build/scripts/ai/tests/test_central_server_v1.py:176: DeprecationWarning: datetime.datetime.utcnow() is deprecated and scheduled for removal in a future version. Use timezone-aware objects to represent datetimes in UTC: datetime.datetime.now(datetime.UTC).
    mv = ModelVersion("v1","p1",datetime.utcnow().isoformat(),ModelStatus.APPROVED.value,0.95,1,"j1")

scripts/ai/tests/test_central_server_v1.py::test_safe_mode_blocks_deploy
scripts/ai/tests/test_central_server_v1.py::test_safe_mode_allows_kb_update
scripts/ai/tests/test_central_server_v1.py::test_safe_mode_report_fields
scripts/ai/tests/test_central_server_v1.py::test_safe_mode_block_counter_increment
scripts/ai/tests/test_central_server_v1.py::test_core_unknown_route_enters_safe_mode
scripts/ai/tests/test_central_server_v1.py::test_safe_mode_last_reason
scripts/ai/tests/test_central_server_v1.py::test_policy_block_deploy_in_safe_mode_response
scripts/ai/tests/test_central_server_v1.py::test_egress_block_counter
  /mnt/data/rebuild_ai32/ai32_build/scripts/ai/central_server/central_server_core.py:105: DeprecationWarning: datetime.datetime.utcnow() is deprecated and scheduled for removal in a future version. Use timezone-aware objects to represent datetimes in UTC: datetime.datetime.now(datetime.UTC).
    self.safe_mode_entered_at = datetime.utcnow().isoformat()

scripts/ai/tests/test_central_server_v1.py: 10 warnings
  /mnt/data/rebuild_ai32/ai32_build/scripts/ai/tests/test_central_server_v1.py:364: DeprecationWarning: datetime.datetime.utcnow() is deprecated and scheduled for removal in a future version. Use timezone-aware objects to represent datetimes in UTC: datetime.datetime.now(datetime.UTC).
    "issued_at":datetime.utcnow().isoformat(),"status":"CREATED","requested_by":"admin","requested_at":datetime.utcnow().isoformat(),

scripts/ai/tests/test_central_server_v1.py::test_safe_mode_allows_kb_update
scripts/ai/tests/test_central_server_v1.py::test_restore_state_after_restart
  /mnt/data/rebuild_ai32/ai32_build/scripts/ai/tests/test_central_server_v1.py:358: DeprecationWarning: datetime.datetime.utcnow() is deprecated and scheduled for removal in a future version. Use timezone-aware objects to represent datetimes in UTC: datetime.datetime.now(datetime.UTC).
    "created_at": datetime.utcnow().isoformat(), "lineage_id":"line1"

scripts/ai/tests/test_central_server_v1.py::test_server_collect_to_deploy
scripts/ai/tests/test_central_server_v1.py::test_learning_loop_e2e
scripts/ai/tests/test_central_server_v1.py::test_model_version_history
scripts/ai/tests/test_central_server_v1.py::test_core_raw_request_blocked
scripts/ai/tests/test_central_server_v1.py::test_report_latest_model_version_after_approve
  /mnt/data/rebuild_ai32/ai32_build/scripts/ai/tests/test_central_server_v1.py:351: DeprecationWarning: datetime.datetime.utcnow() is deprecated and scheduled for removal in a future version. Use timezone-aware objects to represent datetimes in UTC: datetime.datetime.now(datetime.UTC).
    "record_count": count, "timestamp": datetime.utcnow().isoformat(), "model_version": "m0", "source_server_id": "ts1"

scripts/ai/tests/test_central_server_v1.py::test_registry_approval_audit_fields
  /mnt/data/rebuild_ai32/ai32_build/scripts/ai/tests/test_central_server_v1.py:337: DeprecationWarning: datetime.datetime.utcnow() is deprecated and scheduled for removal in a future version. Use timezone-aware objects to represent datetimes in UTC: datetime.datetime.now(datetime.UTC).
    mv = ModelVersion("v1","p1",datetime.utcnow().isoformat(),ModelStatus.VALIDATED.value,0.95,0,"j1")

scripts/ai/tests/test_central_server_v1.py::test_core_raw_request_blocked
  /mnt/data/rebuild_ai32/ai32_build/scripts/ai/central_server/central_server_core.py:123: DeprecationWarning: datetime.datetime.utcnow() is deprecated and scheduled for removal in a future version. Use timezone-aware objects to represent datetimes in UTC: datetime.datetime.now(datetime.UTC).
    "event_at": datetime.utcnow().isoformat(),

-- Docs: https://docs.pytest.org/en/stable/how-to/capture-warnings.html
======================= 69 passed, 93 warnings in 1.24s ========================
