============================= test session starts ==============================
platform darwin -- Python 3.9.6, pytest-8.4.2, pluggy-1.6.0 -- /Applications/Xcode.app/Contents/Developer/usr/bin/python3
cachedir: .pytest_cache
rootdir: /Users/kwong/Desktop/AI 온디바이스 플랫폼 앱/웹코어자료/tristan050-ai_ondevice_APP
plugins: anyio-4.12.1
collecting ... collected 24 items

scripts/ai/tests/test_final_verdict.py::test_collect_stage_results_returns_dict PASSED [  4%]
scripts/ai/tests/test_final_verdict.py::test_all_stages_present_in_result PASSED [  8%]
scripts/ai/tests/test_final_verdict.py::test_verdict_pass_when_all_pass PASSED [ 12%]
scripts/ai/tests/test_final_verdict.py::test_verdict_fail_when_one_missing PASSED [ 16%]
scripts/ai/tests/test_final_verdict.py::test_verdict_fail_when_value_mismatch PASSED [ 20%]
scripts/ai/tests/test_final_verdict.py::test_fail_code_recorded PASSED   [ 25%]
scripts/ai/tests/test_final_verdict.py::test_no_raw_text_in_report PASSED [ 29%]
scripts/ai/tests/test_final_verdict.py::test_schema_required_fields PASSED [ 33%]
scripts/ai/tests/test_final_verdict.py::test_generated_at_present PASSED [ 37%]
scripts/ai/tests/test_final_verdict.py::test_pass_count_equals_10 PASSED [ 41%]
scripts/ai/tests/test_final_verdict.py::test_fail_count_zero_when_all_pass PASSED [ 45%]
scripts/ai/tests/test_final_verdict.py::test_stdout_contains_verdict PASSED [ 50%]
scripts/ai/tests/test_final_verdict.py::test_stdout_contains_pass_count PASSED [ 54%]
scripts/ai/tests/test_final_verdict.py::test_json_out_written PASSED     [ 58%]
scripts/ai/tests/test_final_verdict.py::test_json_parseable PASSED       [ 62%]
scripts/ai/tests/test_final_verdict.py::test_dry_run_flag PASSED         [ 66%]
scripts/ai/tests/test_final_verdict.py::test_missing_file_graceful PASSED [ 70%]
scripts/ai/tests/test_final_verdict.py::test_stage_evidence_not_raw PASSED [ 75%]
scripts/ai/tests/test_final_verdict.py::test_verdict_field_only_pass_or_fail PASSED [ 79%]
scripts/ai/tests/test_final_verdict.py::test_schema_version_present PASSED [ 83%]
scripts/ai/tests/test_final_verdict.py::test_strict_mode_requires_all_10 PASSED [ 87%]
scripts/ai/tests/test_final_verdict.py::test_evidence_kind_structure_only_in_dryrun PASSED [ 91%]
scripts/ai/tests/test_final_verdict.py::test_stage_source_relative_path PASSED [ 95%]
scripts/ai/tests/test_final_verdict.py::test_multiple_conflict_records_fail_code PASSED [100%]

============================== 24 passed in 0.09s ==============================
