============================= test session starts ==============================
platform linux -- Python 3.13.5, pytest-9.0.2, pluggy-1.6.0 -- /opt/pyvenv/bin/python3
cachedir: .pytest_cache
metadata: {'Python': '3.13.5', 'Platform': 'Linux-4.4.0-x86_64-with-glibc2.41', 'Packages': {'pytest': '9.0.2', 'pluggy': '1.6.0'}, 'Plugins': {'json-report': '1.5.0', 'Faker': '40.1.2', 'ddtrace': '4.4.0', 'anyio': '4.12.1', 'metadata': '3.1.1', 'asyncio': '1.3.0', 'cov': '7.0.0'}, 'PLATFORM': 'linux/amd64', 'CI': 'true'}
rootdir: /mnt/data/ai31_v4/ai31_build
plugins: json-report-1.5.0, Faker-40.1.2, ddtrace-4.4.0, anyio-4.12.1, metadata-3.1.1, asyncio-1.3.0, cov-7.0.0
asyncio: mode=Mode.STRICT, debug=False, asyncio_default_fixture_loop_scope=None, asyncio_default_test_loop_scope=function
collecting ... collected 50 items

scripts/ai/tests/test_team_server_v1.py::test_collect_meta_only PASSED   [  2%]
scripts/ai/tests/test_team_server_v1.py::test_collect_reject_raw_text PASSED [  4%]
scripts/ai/tests/test_team_server_v1.py::test_collect_counter_increment PASSED [  6%]
scripts/ai/tests/test_team_server_v1.py::test_collect_stats_return PASSED [  8%]
scripts/ai/tests/test_team_server_v1.py::test_kb_index_document PASSED   [ 10%]
scripts/ai/tests/test_team_server_v1.py::test_kb_no_raw_content PASSED   [ 12%]
scripts/ai/tests/test_team_server_v1.py::test_kb_version_lineage PASSED  [ 14%]
scripts/ai/tests/test_team_server_v1.py::test_kb_coverage_stats PASSED   [ 16%]
scripts/ai/tests/test_team_server_v1.py::test_rag_query_returns_meta PASSED [ 18%]
scripts/ai/tests/test_team_server_v1.py::test_rag_access_control PASSED  [ 20%]
scripts/ai/tests/test_team_server_v1.py::test_rag_hit_rate_recorded PASSED [ 22%]
scripts/ai/tests/test_team_server_v1.py::test_rag_no_raw_in_response PASSED [ 24%]
scripts/ai/tests/test_team_server_v1.py::test_policy_block_unauthorized PASSED [ 26%]
scripts/ai/tests/test_team_server_v1.py::test_policy_block_sensitive_key PASSED [ 28%]
scripts/ai/tests/test_team_server_v1.py::test_policy_rollout_violation PASSED [ 30%]
scripts/ai/tests/test_team_server_v1.py::test_policy_audit_on_block PASSED [ 32%]
scripts/ai/tests/test_team_server_v1.py::test_policy_config_immutable PASSED [ 34%]
scripts/ai/tests/test_team_server_v1.py::test_finetune_trigger_threshold PASSED [ 36%]
scripts/ai/tests/test_team_server_v1.py::test_finetune_no_trigger_below PASSED [ 38%]
scripts/ai/tests/test_team_server_v1.py::test_finetune_version_update PASSED [ 40%]
scripts/ai/tests/test_team_server_v1.py::test_finetune_meta_only_to_central PASSED [ 42%]
scripts/ai/tests/test_team_server_v1.py::test_audit_no_raw_text PASSED   [ 44%]
scripts/ai/tests/test_team_server_v1.py::test_audit_required_fields PASSED [ 46%]
scripts/ai/tests/test_team_server_v1.py::test_audit_append_idempotent PASSED [ 48%]
scripts/ai/tests/test_team_server_v1.py::test_server_run_collect_to_rag PASSED [ 50%]
scripts/ai/tests/test_team_server_v1.py::test_server_run_offline PASSED  [ 52%]
scripts/ai/tests/test_team_server_v1.py::test_server_graceful_shutdown PASSED [ 54%]
scripts/ai/tests/test_team_server_v1.py::test_server_safe_mode_on_failure PASSED [ 56%]
scripts/ai/tests/test_team_server_v1.py::test_no_egress_from_team_server PASSED [ 58%]
scripts/ai/tests/test_team_server_v1.py::test_no_raw_in_finetune_queue PASSED [ 60%]
scripts/ai/tests/test_team_server_v1.py::test_import_all_modules PASSED  [ 62%]
scripts/ai/tests/test_team_server_v1.py::test_team_server_report_schema PASSED [ 64%]
scripts/ai/tests/test_team_server_v1.py::test_persistence_roundtrip PASSED [ 66%]
scripts/ai/tests/test_team_server_v1.py::test_atomic_write_no_partial_file PASSED [ 68%]
scripts/ai/tests/test_team_server_v1.py::test_safe_mode_blocks_collect PASSED [ 70%]
scripts/ai/tests/test_team_server_v1.py::test_safe_mode_allows_rag_only PASSED [ 72%]
scripts/ai/tests/test_team_server_v1.py::test_egress_guard_requests_real_patch PASSED [ 74%]
scripts/ai/tests/test_team_server_v1.py::test_egress_guard_httpx_real_patch PASSED [ 76%]
scripts/ai/tests/test_team_server_v1.py::test_rag_zero_hit_rate_recorded PASSED [ 78%]
scripts/ai/tests/test_team_server_v1.py::test_server_state_restored_after_restart PASSED [ 80%]
scripts/ai/tests/test_team_server_v1.py::test_atomic_write_corruption_recovery PASSED [ 82%]
scripts/ai/tests/test_team_server_v1.py::test_egress_policy_block PASSED [ 84%]
scripts/ai/tests/test_team_server_v1.py::test_safe_mode_report_fields PASSED [ 86%]
scripts/ai/tests/test_team_server_v1.py::test_rag_top1_relevance_recorded PASSED [ 88%]
scripts/ai/tests/test_team_server_v1.py::test_detect_corruption_false_for_valid_json PASSED [ 90%]
scripts/ai/tests/test_team_server_v1.py::test_detect_corruption_true_for_invalid_json PASSED [ 92%]
scripts/ai/tests/test_team_server_v1.py::test_load_with_fallback_empty_state PASSED [ 94%]
scripts/ai/tests/test_team_server_v1.py::test_rag_rejected_by_policy_count PASSED [ 96%]
scripts/ai/tests/test_team_server_v1.py::test_rag_query_coverage_bucket PASSED [ 98%]
scripts/ai/tests/test_team_server_v1.py::test_server_cli_offline_demo PASSED [100%]

============================== 50 passed in 5.64s ==============================
