============================= test session starts ==============================
platform darwin -- Python 3.9.6, pytest-8.4.2, pluggy-1.6.0 -- /Library/Developer/CommandLineTools/usr/bin/python3
rootdir: <repo>
configfile: pytest.ini
plugins: anyio-4.12.1
collecting ... collected 37 items

tests/connect_loop/test_persisted_safety_v2_2.py::test_scan_runtime_text_blocks_os_agnostic_paths[mac_users] PASSED [  2%]
tests/connect_loop/test_persisted_safety_v2_2.py::test_scan_runtime_text_blocks_os_agnostic_paths[linux_home] PASSED [  5%]
tests/connect_loop/test_persisted_safety_v2_2.py::test_scan_runtime_text_blocks_os_agnostic_paths[linux_tmp] PASSED [  8%]
tests/connect_loop/test_persisted_safety_v2_2.py::test_scan_runtime_text_blocks_os_agnostic_paths[private_tmp] PASSED [ 10%]
tests/connect_loop/test_persisted_safety_v2_2.py::test_scan_runtime_text_blocks_os_agnostic_paths[volume] PASSED [ 13%]
tests/connect_loop/test_persisted_safety_v2_2.py::test_scan_runtime_text_blocks_os_agnostic_paths[windows] PASSED [ 16%]
tests/connect_loop/test_persisted_safety_v2_2.py::test_scan_runtime_text_blocks_os_agnostic_paths[windows_slash] PASSED [ 18%]
tests/connect_loop/test_persisted_safety_v2_2.py::test_scan_runtime_text_blocks_os_agnostic_paths[unc] PASSED [ 21%]
tests/connect_loop/test_persisted_safety_v2_2.py::test_scan_runtime_text_blocks_os_agnostic_paths[file_url] PASSED [ 24%]
tests/connect_loop/test_persisted_safety_v2_2.py::test_enforce_persisted_safety_blocks_secret_path_pii_scalars[email_pii] PASSED [ 27%]
tests/connect_loop/test_persisted_safety_v2_2.py::test_enforce_persisted_safety_blocks_secret_path_pii_scalars[linux_path] PASSED [ 29%]
tests/connect_loop/test_persisted_safety_v2_2.py::test_enforce_persisted_safety_blocks_secret_path_pii_scalars[bearer] PASSED [ 32%]
tests/connect_loop/test_persisted_safety_v2_2.py::test_enforce_persisted_safety_blocks_secret_path_pii_scalars[akia] PASSED [ 35%]
tests/connect_loop/test_persisted_safety_v2_2.py::test_enforce_persisted_safety_blocks_secret_path_pii_scalars[token] PASSED [ 37%]
tests/connect_loop/test_persisted_safety_v2_2.py::test_enforce_persisted_safety_blocks_secret_path_pii_scalars[password] PASSED [ 40%]
tests/connect_loop/test_persisted_safety_v2_2.py::test_enforce_persisted_safety_blocks_secret_path_pii_scalars[api_key] PASSED [ 43%]
tests/connect_loop/test_persisted_safety_v2_2.py::test_enforce_persisted_safety_blocks_secret_path_pii_scalars[sk_project] PASSED [ 45%]
tests/connect_loop/test_persisted_safety_v2_2.py::test_scan_runtime_text_blocks_international_phone_pii[intl_plus_one] PASSED [ 48%]
tests/connect_loop/test_persisted_safety_v2_2.py::test_scan_runtime_text_blocks_international_phone_pii[us_parenthesized] PASSED [ 51%]
tests/connect_loop/test_persisted_safety_v2_2.py::test_scan_runtime_text_blocks_international_phone_pii[korean_mobile] PASSED [ 54%]
tests/connect_loop/test_persisted_safety_v2_2.py::test_enforce_persisted_safety_blocks_raw_fields_and_saved_true[raw_text] PASSED [ 56%]
tests/connect_loop/test_persisted_safety_v2_2.py::test_enforce_persisted_safety_blocks_raw_fields_and_saved_true[suffix_raw] PASSED [ 59%]
tests/connect_loop/test_persisted_safety_v2_2.py::test_enforce_persisted_safety_blocks_raw_fields_and_saved_true[raw_input_saved_true] PASSED [ 62%]
tests/connect_loop/test_persisted_safety_v2_2.py::test_enforce_persisted_safety_blocks_raw_fields_and_saved_true[raw_output_saved_true] PASSED [ 64%]
tests/connect_loop/test_persisted_safety_v2_2.py::test_enforce_persisted_safety_blocks_raw_fields_and_saved_true[summary_saved_true] PASSED [ 67%]
tests/connect_loop/test_persisted_safety_v2_2.py::test_create_path_blocks_pii_reference_before_event_return PASSED [ 70%]
tests/connect_loop/test_persisted_safety_v2_2.py::test_approve_path_blocks_mutated_candidate_before_return PASSED [ 72%]
tests/connect_loop/test_persisted_safety_v2_2.py::test_reject_path_blocks_mutated_candidate_before_return PASSED [ 75%]
tests/connect_loop/test_persisted_safety_v2_2.py::test_expire_path_blocks_mutated_candidate_before_return PASSED [ 78%]
tests/connect_loop/test_persisted_safety_v2_2.py::test_expired_approval_path_cannot_bypass_expire_guard PASSED [ 81%]
tests/connect_loop/test_persisted_safety_v2_2.py::test_store_append_path_blocks_mutated_candidate_before_jsonl_write PASSED [ 83%]
tests/connect_loop/test_persisted_safety_v2_2.py::test_safe_lifecycle_paths_still_return_copies_and_pass_store PASSED [ 86%]
tests/connect_loop/test_round5_store_and_persisted_scalar_guards.py::test_learning_event_store_rejects_duplicate_source_usage_log_without_overwrite PASSED [ 89%]
tests/connect_loop/test_round5_store_and_persisted_scalar_guards.py::test_learning_event_store_hydrates_source_index_from_jsonl_before_retry PASSED [ 91%]
tests/connect_loop/test_round5_store_and_persisted_scalar_guards.py::test_persisted_scalar_guard_blocks_email_inside_reference_value PASSED [ 94%]
tests/connect_loop/test_round5_store_and_persisted_scalar_guards.py::test_learning_gate_blocks_pii_inside_approved_text_ref_even_when_runtime_dlp_is_clean PASSED [ 97%]
tests/connect_loop/test_round5_store_and_persisted_scalar_guards.py::test_approve_learning_event_rejects_candidate_with_pii_reference_value PASSED [100%]

======================== 37 passed, 6 warnings in 0.25s ========================
