============================= test session starts ==============================
platform darwin -- Python 3.9.6, pytest-8.4.2, pluggy-1.6.0 -- /Library/Developer/CommandLineTools/usr/bin/python3
cachedir: .pytest_cache
rootdir: <repo>
configfile: pytest.ini
plugins: anyio-4.12.1
collecting ... collected 33 items

tests/connect_loop/test_learning_candidate_gate.py::test_select_learning_candidates_requires_digest_only_allow_real_record PASSED [  3%]
tests/connect_loop/test_learning_candidate_gate.py::test_learning_allowed_false_drops_without_event PASSED [  6%]
tests/connect_loop/test_learning_candidate_gate.py::test_missing_tenant_scope_drops_without_keyerror PASSED [  9%]
tests/connect_loop/test_learning_candidate_gate.py::test_approved_text_ref_missing_drops_even_with_digest PASSED [ 12%]
tests/connect_loop/test_learning_candidate_gate.py::test_policy_non_allow_usage_log_is_not_candidate PASSED [ 15%]
tests/connect_loop/test_learning_candidate_gate.py::test_dlp_failure_blocks_learning_event_creation PASSED [ 18%]
tests/connect_loop/test_learning_candidate_gate.py::test_learning_event_schema_self_validates_and_unknown_field_fails PASSED [ 21%]
tests/connect_loop/test_learning_candidate_gate.py::test_verified_for_training_only_after_approved_policy_and_dlp_pass PASSED [ 24%]
tests/connect_loop/test_learning_candidate_gate.py::test_mislabel_is_blocked_by_learning_event_schema PASSED [ 27%]
tests/connect_loop/test_learning_candidate_gate.py::test_reject_transition_never_verifies_training PASSED [ 30%]
tests/connect_loop/test_learning_candidate_gate.py::test_usage_log_is_immutable_and_link_index_is_separate PASSED [ 33%]
tests/connect_loop/test_learning_event_raw_guard.py::test_dlp_guard_returns_booleans_only_without_matched_raw_text PASSED [ 36%]
tests/connect_loop/test_learning_event_raw_guard.py::test_dlp_guard_catches_hyphenated_sk_project_tokens PASSED [ 39%]
tests/connect_loop/test_learning_event_raw_guard.py::test_raw_guard_blocks_hyphenated_sk_project_tokens PASSED [ 42%]
tests/connect_loop/test_learning_event_raw_guard.py::test_raw_like_keys_are_blocked PASSED [ 45%]
tests/connect_loop/test_learning_event_raw_guard.py::test_local_path_like_approved_reference_is_blocked PASSED [ 48%]
tests/connect_loop/test_learning_event_raw_guard.py::test_learning_gate_source_contains_no_training_or_model_artifact_code PASSED [ 51%]
tests/connect_loop/test_learning_candidate_gate_label_drift.py::test_happy_path_label_matches_source_passes PASSED [ 54%]
tests/connect_loop/test_learning_candidate_gate_label_drift.py::test_label_intent_drift_drops_with_label_source_drift PASSED [ 57%]
tests/connect_loop/test_learning_candidate_gate_label_drift.py::test_label_target_box_drift_drops_with_label_source_drift PASSED [ 60%]
tests/connect_loop/test_learning_candidate_gate_label_drift.py::test_label_intent_drift_only_drops_with_label_source_drift PASSED [ 63%]
tests/connect_loop/test_learning_candidate_gate_label_drift.py::test_missing_label_drops_with_label_missing PASSED [ 66%]
tests/connect_loop/test_learning_candidate_gate_dlp_and_expires_guards.py::test_runtime_pii_with_caller_passed_true_drops_with_dlp_result_mismatch PASSED [ 69%]
tests/connect_loop/test_learning_candidate_gate_dlp_and_expires_guards.py::test_runtime_secret_with_caller_passed_true_drops_with_dlp_result_mismatch PASSED [ 72%]
tests/connect_loop/test_learning_candidate_gate_dlp_and_expires_guards.py::test_scan_and_caller_mismatch_in_single_flag_drops_with_dlp_result_mismatch PASSED [ 75%]
tests/connect_loop/test_learning_candidate_gate_dlp_and_expires_guards.py::test_scan_pii_with_caller_partially_correct_still_drops_mismatch PASSED [ 78%]
tests/connect_loop/test_learning_candidate_gate_dlp_and_expires_guards.py::test_runtime_text_clean_with_caller_passed_true_passes_when_match PASSED [ 81%]
tests/connect_loop/test_learning_candidate_gate_dlp_and_expires_guards.py::test_caller_dlp_without_runtime_text_uses_caller_only PASSED [ 84%]
tests/connect_loop/test_learning_candidate_gate_dlp_and_expires_guards.py::test_parse_rfc3339_aware_passes PASSED [ 87%]
tests/connect_loop/test_learning_candidate_gate_dlp_and_expires_guards.py::test_parse_rfc3339_naive_returns_none PASSED [ 90%]
tests/connect_loop/test_learning_candidate_gate_dlp_and_expires_guards.py::test_parse_rfc3339_malformed_returns_none PASSED [ 93%]
tests/connect_loop/test_learning_candidate_gate_dlp_and_expires_guards.py::test_naive_expires_at_drops_with_expires_at_invalid_no_typeerror PASSED [ 96%]
tests/connect_loop/test_learning_candidate_gate_dlp_and_expires_guards.py::test_aware_expires_at_in_future_passes PASSED [100%]

======================== 33 passed, 6 warnings in 0.27s ========================
