============================= test session starts ==============================
platform darwin -- Python 3.9.6, pytest-8.4.2, pluggy-1.6.0 -- /Library/Developer/CommandLineTools/usr/bin/python3
rootdir: <repo>
configfile: pytest.ini
plugins: anyio-4.12.1
collecting ... collected 87 items

tests/connect_loop/test_learning_candidate_gate.py::test_select_learning_candidates_requires_digest_only_allow_real_record PASSED [  1%]
tests/connect_loop/test_learning_candidate_gate.py::test_learning_allowed_false_drops_without_event PASSED [  2%]
tests/connect_loop/test_learning_candidate_gate.py::test_missing_tenant_scope_drops_without_keyerror PASSED [  3%]
tests/connect_loop/test_learning_candidate_gate.py::test_approved_text_ref_missing_drops_even_with_digest PASSED [  4%]
tests/connect_loop/test_learning_candidate_gate.py::test_policy_non_allow_usage_log_is_not_candidate PASSED [  5%]
tests/connect_loop/test_learning_candidate_gate.py::test_dlp_failure_blocks_learning_event_creation PASSED [  6%]
tests/connect_loop/test_learning_candidate_gate.py::test_learning_event_schema_self_validates_and_unknown_field_fails PASSED [  8%]
tests/connect_loop/test_learning_candidate_gate.py::test_verified_for_training_only_after_approved_policy_and_dlp_pass PASSED [  9%]
tests/connect_loop/test_learning_candidate_gate.py::test_mislabel_is_blocked_by_learning_event_schema PASSED [ 10%]
tests/connect_loop/test_learning_candidate_gate.py::test_reject_transition_never_verifies_training PASSED [ 11%]
tests/connect_loop/test_learning_candidate_gate.py::test_usage_log_is_immutable_and_link_index_is_separate PASSED [ 12%]
tests/connect_loop/test_learning_event_raw_guard.py::test_dlp_guard_returns_booleans_only_without_matched_raw_text PASSED [ 13%]
tests/connect_loop/test_learning_event_raw_guard.py::test_dlp_guard_catches_hyphenated_sk_project_tokens PASSED [ 14%]
tests/connect_loop/test_learning_event_raw_guard.py::test_raw_guard_blocks_hyphenated_sk_project_tokens PASSED [ 16%]
tests/connect_loop/test_learning_event_raw_guard.py::test_raw_like_keys_are_blocked PASSED [ 17%]
tests/connect_loop/test_learning_event_raw_guard.py::test_local_path_like_approved_reference_is_blocked PASSED [ 18%]
tests/connect_loop/test_learning_event_raw_guard.py::test_learning_gate_source_contains_no_training_or_model_artifact_code PASSED [ 19%]
tests/connect_loop/test_learning_candidate_gate_label_drift.py::test_happy_path_label_matches_source_passes PASSED [ 20%]
tests/connect_loop/test_learning_candidate_gate_label_drift.py::test_label_intent_drift_drops_with_label_source_drift PASSED [ 21%]
tests/connect_loop/test_learning_candidate_gate_label_drift.py::test_label_target_box_drift_drops_with_label_source_drift PASSED [ 22%]
tests/connect_loop/test_learning_candidate_gate_label_drift.py::test_label_intent_drift_only_drops_with_label_source_drift PASSED [ 24%]
tests/connect_loop/test_learning_candidate_gate_label_drift.py::test_missing_label_drops_with_label_missing PASSED [ 25%]
tests/connect_loop/test_learning_candidate_gate_dlp_and_expires_guards.py::test_runtime_pii_with_caller_passed_true_drops_with_dlp_result_mismatch PASSED [ 26%]
tests/connect_loop/test_learning_candidate_gate_dlp_and_expires_guards.py::test_runtime_secret_with_caller_passed_true_drops_with_dlp_result_mismatch PASSED [ 27%]
tests/connect_loop/test_learning_candidate_gate_dlp_and_expires_guards.py::test_scan_and_caller_mismatch_in_single_flag_drops_with_dlp_result_mismatch PASSED [ 28%]
tests/connect_loop/test_learning_candidate_gate_dlp_and_expires_guards.py::test_scan_pii_with_caller_partially_correct_still_drops_mismatch PASSED [ 29%]
tests/connect_loop/test_learning_candidate_gate_dlp_and_expires_guards.py::test_runtime_text_clean_with_caller_passed_true_passes_when_match PASSED [ 31%]
tests/connect_loop/test_learning_candidate_gate_dlp_and_expires_guards.py::test_caller_dlp_without_runtime_text_uses_caller_only PASSED [ 32%]
tests/connect_loop/test_learning_candidate_gate_dlp_and_expires_guards.py::test_parse_rfc3339_aware_passes PASSED [ 33%]
tests/connect_loop/test_learning_candidate_gate_dlp_and_expires_guards.py::test_parse_rfc3339_naive_returns_none PASSED [ 34%]
tests/connect_loop/test_learning_candidate_gate_dlp_and_expires_guards.py::test_parse_rfc3339_malformed_returns_none PASSED [ 35%]
tests/connect_loop/test_learning_candidate_gate_dlp_and_expires_guards.py::test_naive_expires_at_drops_with_expires_at_invalid_no_typeerror PASSED [ 36%]
tests/connect_loop/test_learning_candidate_gate_dlp_and_expires_guards.py::test_aware_expires_at_in_future_passes PASSED [ 37%]
tests/connect_loop/test_round4_secret_event_tenant_guards.py::test_dlp_scan_detects_sk_proj_token[env_style_secret] PASSED [ 39%]
tests/connect_loop/test_round4_secret_event_tenant_guards.py::test_dlp_scan_detects_sk_proj_token[config_style_secret] PASSED [ 40%]
tests/connect_loop/test_round4_secret_event_tenant_guards.py::test_dlp_scan_detects_sk_proj_token[bare_secret] PASSED [ 41%]
tests/connect_loop/test_round4_secret_event_tenant_guards.py::test_dlp_failed_drops_when_runtime_has_sk_proj_token_and_caller_omitted PASSED [ 42%]
tests/connect_loop/test_round4_secret_event_tenant_guards.py::test_dlp_result_mismatch_drops_when_caller_claims_passed_for_sk_proj_token PASSED [ 43%]
tests/connect_loop/test_round4_secret_event_tenant_guards.py::test_learning_event_created_true_excluded_from_candidates PASSED [ 44%]
tests/connect_loop/test_round4_secret_event_tenant_guards.py::test_mix_of_created_and_not_created_returns_only_not_created PASSED [ 45%]
tests/connect_loop/test_round4_secret_event_tenant_guards.py::test_envelope_missing_tenant_scope_drops_without_keyerror PASSED [ 47%]
tests/connect_loop/test_round4_secret_event_tenant_guards.py::test_envelope_invalid_tenant_scope_drops_with_tenant_scope_invalid[] PASSED [ 48%]
tests/connect_loop/test_round4_secret_event_tenant_guards.py::test_envelope_invalid_tenant_scope_drops_with_tenant_scope_invalid[galaxy] PASSED [ 49%]
tests/connect_loop/test_round4_secret_event_tenant_guards.py::test_envelope_invalid_tenant_scope_drops_with_tenant_scope_invalid[None] PASSED [ 50%]
tests/connect_loop/test_round4_secret_event_tenant_guards.py::test_envelope_invalid_tenant_scope_drops_with_tenant_scope_invalid[0] PASSED [ 51%]
tests/connect_loop/test_round4_secret_event_tenant_guards.py::test_envelope_invalid_tenant_scope_drops_with_tenant_scope_invalid[DEVICE] PASSED [ 52%]
tests/connect_loop/test_round4_secret_event_tenant_guards.py::test_envelope_invalid_tenant_scope_drops_with_tenant_scope_invalid[Team] PASSED [ 54%]
tests/connect_loop/test_round4_secret_event_tenant_guards.py::test_envelope_valid_tenant_scope_passes[device] PASSED [ 55%]
tests/connect_loop/test_round4_secret_event_tenant_guards.py::test_envelope_valid_tenant_scope_passes[team] PASSED [ 56%]
tests/connect_loop/test_round4_secret_event_tenant_guards.py::test_envelope_valid_tenant_scope_passes[org] PASSED [ 57%]
tests/connect_loop/test_round5_store_and_persisted_scalar_guards.py::test_learning_event_store_rejects_duplicate_source_usage_log_without_overwrite PASSED [ 58%]
tests/connect_loop/test_round5_store_and_persisted_scalar_guards.py::test_learning_event_store_hydrates_source_index_from_jsonl_before_retry PASSED [ 59%]
tests/connect_loop/test_round5_store_and_persisted_scalar_guards.py::test_persisted_scalar_guard_blocks_email_inside_reference_value PASSED [ 60%]
tests/connect_loop/test_round5_store_and_persisted_scalar_guards.py::test_learning_gate_blocks_pii_inside_approved_text_ref_even_when_runtime_dlp_is_clean PASSED [ 62%]
tests/connect_loop/test_round5_store_and_persisted_scalar_guards.py::test_approve_learning_event_rejects_candidate_with_pii_reference_value PASSED [ 63%]
tests/connect_loop/test_persisted_safety_v2_2.py::test_scan_runtime_text_blocks_os_agnostic_paths[mac_users] PASSED [ 64%]
tests/connect_loop/test_persisted_safety_v2_2.py::test_scan_runtime_text_blocks_os_agnostic_paths[linux_home] PASSED [ 65%]
tests/connect_loop/test_persisted_safety_v2_2.py::test_scan_runtime_text_blocks_os_agnostic_paths[linux_tmp] PASSED [ 66%]
tests/connect_loop/test_persisted_safety_v2_2.py::test_scan_runtime_text_blocks_os_agnostic_paths[private_tmp] PASSED [ 67%]
tests/connect_loop/test_persisted_safety_v2_2.py::test_scan_runtime_text_blocks_os_agnostic_paths[volume] PASSED [ 68%]
tests/connect_loop/test_persisted_safety_v2_2.py::test_scan_runtime_text_blocks_os_agnostic_paths[windows] PASSED [ 70%]
tests/connect_loop/test_persisted_safety_v2_2.py::test_scan_runtime_text_blocks_os_agnostic_paths[windows_slash] PASSED [ 71%]
tests/connect_loop/test_persisted_safety_v2_2.py::test_scan_runtime_text_blocks_os_agnostic_paths[unc] PASSED [ 72%]
tests/connect_loop/test_persisted_safety_v2_2.py::test_scan_runtime_text_blocks_os_agnostic_paths[file_url] PASSED [ 73%]
tests/connect_loop/test_persisted_safety_v2_2.py::test_enforce_persisted_safety_blocks_secret_path_pii_scalars[email_pii] PASSED [ 74%]
tests/connect_loop/test_persisted_safety_v2_2.py::test_enforce_persisted_safety_blocks_secret_path_pii_scalars[linux_path] PASSED [ 75%]
tests/connect_loop/test_persisted_safety_v2_2.py::test_enforce_persisted_safety_blocks_secret_path_pii_scalars[bearer] PASSED [ 77%]
tests/connect_loop/test_persisted_safety_v2_2.py::test_enforce_persisted_safety_blocks_secret_path_pii_scalars[akia] PASSED [ 78%]
tests/connect_loop/test_persisted_safety_v2_2.py::test_enforce_persisted_safety_blocks_secret_path_pii_scalars[token] PASSED [ 79%]
tests/connect_loop/test_persisted_safety_v2_2.py::test_enforce_persisted_safety_blocks_secret_path_pii_scalars[password] PASSED [ 80%]
tests/connect_loop/test_persisted_safety_v2_2.py::test_enforce_persisted_safety_blocks_secret_path_pii_scalars[api_key] PASSED [ 81%]
tests/connect_loop/test_persisted_safety_v2_2.py::test_enforce_persisted_safety_blocks_secret_path_pii_scalars[sk_project] PASSED [ 82%]
tests/connect_loop/test_persisted_safety_v2_2.py::test_scan_runtime_text_blocks_international_phone_pii[intl_plus_one] PASSED [ 83%]
tests/connect_loop/test_persisted_safety_v2_2.py::test_scan_runtime_text_blocks_international_phone_pii[us_parenthesized] PASSED [ 85%]
tests/connect_loop/test_persisted_safety_v2_2.py::test_scan_runtime_text_blocks_international_phone_pii[korean_mobile] PASSED [ 86%]
tests/connect_loop/test_persisted_safety_v2_2.py::test_enforce_persisted_safety_blocks_raw_fields_and_saved_true[raw_text] PASSED [ 87%]
tests/connect_loop/test_persisted_safety_v2_2.py::test_enforce_persisted_safety_blocks_raw_fields_and_saved_true[suffix_raw] PASSED [ 88%]
tests/connect_loop/test_persisted_safety_v2_2.py::test_enforce_persisted_safety_blocks_raw_fields_and_saved_true[raw_input_saved_true] PASSED [ 89%]
tests/connect_loop/test_persisted_safety_v2_2.py::test_enforce_persisted_safety_blocks_raw_fields_and_saved_true[raw_output_saved_true] PASSED [ 90%]
tests/connect_loop/test_persisted_safety_v2_2.py::test_enforce_persisted_safety_blocks_raw_fields_and_saved_true[summary_saved_true] PASSED [ 91%]
tests/connect_loop/test_persisted_safety_v2_2.py::test_create_path_blocks_pii_reference_before_event_return PASSED [ 93%]
tests/connect_loop/test_persisted_safety_v2_2.py::test_approve_path_blocks_mutated_candidate_before_return PASSED [ 94%]
tests/connect_loop/test_persisted_safety_v2_2.py::test_reject_path_blocks_mutated_candidate_before_return PASSED [ 95%]
tests/connect_loop/test_persisted_safety_v2_2.py::test_expire_path_blocks_mutated_candidate_before_return PASSED [ 96%]
tests/connect_loop/test_persisted_safety_v2_2.py::test_expired_approval_path_cannot_bypass_expire_guard PASSED [ 97%]
tests/connect_loop/test_persisted_safety_v2_2.py::test_store_append_path_blocks_mutated_candidate_before_jsonl_write PASSED [ 98%]
tests/connect_loop/test_persisted_safety_v2_2.py::test_safe_lifecycle_paths_still_return_copies_and_pass_store PASSED [100%]

======================== 87 passed, 6 warnings in 0.34s ========================
