# command: python3 -m pytest tests/connect_loop/test_box3*.py tests/cards/box3 -v --disable-warnings
============================= test session starts ==============================
platform darwin -- Python 3.9.6, pytest-8.4.2, pluggy-1.6.0 -- /Library/Developer/CommandLineTools/usr/bin/python3
cachedir: .pytest_cache
rootdir: [PACKAGE_ROOT]
configfile: pytest.ini
plugins: anyio-4.12.1
collecting ... collected 56 items

tests/connect_loop/test_box3_asset_manifest.py::test_asset_manifest_requires_full_sha_for_real_claim PASSED [  1%]
tests/connect_loop/test_box3_asset_manifest.py::test_contract_only_manifest_is_honest_partial_not_real PASSED [  3%]
tests/connect_loop/test_box3_current_contract.py::test_box3_current_main_endpoint_contract_is_preserved PASSED [  5%]
tests/connect_loop/test_box3_current_contract.py::test_box3_current_contract_rejects_unsafe_text PASSED [  7%]
tests/connect_loop/test_box3_current_contract.py::test_box3_current_contract_bounds_max_new_units PASSED [  8%]
tests/connect_loop/test_box3_current_contract.py::test_real_runner_requires_composed_digest_only_input PASSED [ 10%]
tests/connect_loop/test_box3_current_contract.py::test_real_runner_blocked_until_claim_grounding PASSED [ 12%]
tests/connect_loop/test_box3_eval_verdict_only.py::test_eval_40_cases_are_digest_only_and_cover_required_slices PASSED [ 14%]
tests/connect_loop/test_box3_eval_verdict_only.py::test_eval_summary_is_verdict_only_proxy_not_real_claim PASSED [ 16%]
tests/connect_loop/test_box3_grounding_fail_closed.py::test_grounding_fail_closed_needs_review PASSED [ 17%]
tests/connect_loop/test_box3_grounding_fail_closed.py::test_no_evidence_blocks_or_reviews PASSED [ 19%]
tests/connect_loop/test_box3_grounding_fail_closed.py::test_empty_draft_blocks PASSED [ 21%]
tests/connect_loop/test_box3_interface_inventory.py::test_helper_wrappers_have_contract_samples_without_real_claim PASSED [ 23%]
tests/connect_loop/test_box3_no_training_artifact.py::test_box3_package_adds_no_binary_model_or_training_artifacts PASSED [ 25%]
tests/connect_loop/test_box3_pipeline_contract.py::test_pipeline_smoke_runs_five_steps_contract_only PASSED [ 26%]
tests/connect_loop/test_box3_pipeline_contract.py::test_grounding_fail_closed_when_unsupported_claims_injected PASSED [ 28%]
tests/connect_loop/test_box3_pipeline_contract.py::test_passing_manifest_without_runner_keeps_real_flags_closed PASSED [ 30%]
tests/connect_loop/test_box3_pipeline_contract.py::test_incomplete_manifest_suppresses_forced_real_runner_output PASSED [ 32%]
tests/connect_loop/test_box3_pipeline_contract.py::test_passing_manifest_with_runner_stays_contract_only_until_claim_grounding PASSED [ 33%]
tests/connect_loop/test_box3_pipeline_fail_closed.py::test_grounding_real_runner_is_blocked_no_raw_leak PASSED [ 35%]
tests/connect_loop/test_box3_pipeline_fail_closed.py::test_grounding_force_draft_text_path_still_suppresses PASSED [ 37%]
tests/connect_loop/test_box3_pipeline_fail_closed.py::test_grounding_receipt_and_citations_exclude_non_digest_source PASSED [ 39%]
tests/connect_loop/test_box3_pipeline_fail_closed.py::test_pipeline_citations_are_digest_linked_not_supported PASSED [ 41%]
tests/connect_loop/test_box3_pipeline_fail_closed.py::test_pipeline_runner_not_invoked_until_claim_grounding PASSED [ 42%]
tests/connect_loop/test_box3_pipeline_fail_closed.py::test_pipeline_clean_draft_stays_contract_only_until_claim_grounding PASSED [ 44%]
tests/connect_loop/test_box3_pipeline_fail_closed.py::test_draft_service_raw_prose_blocked_before_real_runner PASSED [ 46%]
tests/connect_loop/test_box3_pipeline_fail_closed.py::test_real_runner_requires_canonical_prompt_template PASSED [ 48%]
tests/connect_loop/test_box3_pipeline_fail_closed.py::test_digest_only_input_rejects_duplicate_fields PASSED [ 50%]
tests/connect_loop/test_box3_pipeline_fail_closed.py::test_manifest_allows_real_requires_pass_status PASSED [ 51%]
tests/connect_loop/test_box3_pipeline_fail_closed.py::test_pipeline_drifted_manifest_does_not_enable_real_runner PASSED [ 53%]
tests/connect_loop/test_box3_pipeline_fail_closed.py::test_real_gate_baseline_all_axes_pass_is_real PASSED [ 55%]
tests/connect_loop/test_box3_pipeline_fail_closed.py::test_real_gate_blocks_real_until_claim_level_grounding PASSED [ 57%]
tests/connect_loop/test_box3_pipeline_fail_closed.py::test_real_gate_each_single_axis_failure_blocks_real PASSED [ 58%]
tests/connect_loop/test_box3_pipeline_fail_closed.py::test_manifest_allows_real_rejects_duplicate_assets PASSED [ 60%]
tests/connect_loop/test_box3_pipeline_fail_closed.py::test_manifest_allows_real_rejects_schema_drift PASSED [ 62%]
tests/connect_loop/test_box3_pipeline_fail_closed.py::test_manifest_allows_real_requires_interface_pass PASSED [ 64%]
tests/connect_loop/test_box3_pipeline_fail_closed.py::test_manifest_allows_real_requires_each_row_real_claim_and_no_fail_class PASSED [ 66%]
tests/connect_loop/test_box3_pipeline_fail_closed.py::test_grounding_asset_status_gates_on_interface_inventory PASSED [ 67%]
tests/connect_loop/test_box3_raw_leak_guard.py::test_forbidden_runtime_text_patterns[[EMAIL_SAMPLE_REDACTED]-PII_EMAIL] PASSED [ 69%]
tests/connect_loop/test_box3_raw_leak_guard.py::test_forbidden_runtime_text_patterns[[RRN_SAMPLE_REDACTED]-PII_KOREAN_RRN] PASSED [ 71%]
tests/connect_loop/test_box3_raw_leak_guard.py::test_forbidden_runtime_text_patterns[[SECRET_SAMPLE_REDACTED]-SECRET] PASSED [ 73%]
tests/connect_loop/test_box3_raw_leak_guard.py::test_forbidden_runtime_text_patterns[[SECRET_SAMPLE_REDACTED]-SECRET] PASSED [ 75%]
tests/connect_loop/test_box3_raw_leak_guard.py::test_forbidden_runtime_text_patterns[[LOCAL_PATH_SAMPLE_REDACTED]-LOCAL_PATH] PASSED [ 76%]
tests/connect_loop/test_box3_raw_leak_guard.py::test_forbidden_runtime_text_patterns[[LOCAL_PATH_SAMPLE_REDACTED]-LOCAL_PATH] PASSED [ 78%]
tests/connect_loop/test_box3_raw_leak_guard.py::test_forbidden_persistence_keys_are_blocked PASSED [ 80%]
tests/connect_loop/test_box3_raw_leak_guard.py::test_evidence_directory_contains_no_forbidden_scalars PASSED [ 82%]
tests/cards/box3/test_box3_draft_endpoint.py::test_box3_draft_endpoint_returns_required_contract PASSED [ 83%]
tests/cards/box3/test_box3_draft_endpoint.py::test_box3_draft_endpoint_rejects_non_localhost PASSED [ 85%]
tests/cards/box3/test_box3_draft_endpoint.py::test_box3_draft_endpoint_validates_empty_input PASSED [ 87%]
tests/cards/box3/test_box3_draft_endpoint.py::test_box3_draft_endpoint_clamps_max_new_units PASSED [ 89%]
tests/cards/box3/test_box3_draft_service.py::test_inference_config_enforces_box3_standard PASSED [ 91%]
tests/cards/box3/test_box3_draft_service.py::test_inference_config_bounds_max_new_units PASSED [ 92%]
tests/cards/box3/test_box3_draft_service.py::test_contract_only_when_no_runner PASSED [ 94%]
tests/cards/box3/test_box3_draft_service.py::test_runner_receives_enforced_config_and_filled_prompt PASSED [ 96%]
tests/cards/box3/test_box3_draft_service.py::test_prompt_template_without_placeholder_appends_input PASSED [ 98%]
tests/cards/box3/test_box3_draft_service.py::test_sealed_sha_constants_present PASSED [100%]

======================== 56 passed, 6 warnings in 0.28s ========================
