# command: python3 -m pytest tests/cards/box3/test_box3_real*_v1_2.py tests/cards/box3/test_box3_claim_grounding_v1_2.py -v --disable-warnings
============================= test session starts ==============================
platform darwin -- Python 3.9.6, pytest-8.4.2, pluggy-1.6.0 -- [LOCAL_PATH_REDACTED]
cachedir: .pytest_cache
rootdir: [PACKAGE_ROOT]
configfile: pytest.ini
plugins: anyio-4.12.1
collecting ... collected 13 items

tests/cards/box3/test_box3_real_contract_v1_2.py::test_runtime_envelope_keeps_raw_out_of_repr_and_audit_seed PASSED [  7%]
tests/cards/box3/test_box3_real_contract_v1_2.py::test_runtime_envelope_rejects_secrets_and_local_paths PASSED [ 15%]
tests/cards/box3/test_box3_claim_grounding_v1_2.py::test_claim_grounding_supported_unsupported_and_non_claim_levels PASSED [ 23%]
tests/cards/box3/test_box3_claim_grounding_v1_2.py::test_claim_grounding_requires_source_digest_marker_for_citation_accuracy PASSED [ 30%]
tests/cards/box3/test_box3_claim_grounding_v1_2.py::test_claim_grounding_no_evidence_is_needs_review_not_supported PASSED [ 38%]
tests/cards/box3/test_box3_real_metrics_v1_2.py::test_real_metrics_require_fixed_eval_40_cases_and_zero_unsupported PASSED [ 46%]
tests/cards/box3/test_box3_real_metrics_v1_2.py::test_real_metrics_fail_closed_for_proxy_insufficient_counts PASSED [ 53%]
tests/cards/box3/test_box3_real_pipeline_v1_2.py::test_real_pipeline_contract_only_manifest_does_not_call_runner PASSED [ 61%]
tests/cards/box3/test_box3_real_pipeline_v1_2.py::test_real_pipeline_blocks_no_evidence_before_runner PASSED [ 69%]
tests/cards/box3/test_box3_real_pipeline_v1_2.py::test_real_pipeline_blocks_unsupported_claim_and_suppresses_draft_text PASSED [ 76%]
tests/cards/box3/test_box3_real_pipeline_v1_2.py::test_real_pipeline_needs_review_when_fixed_eval_gate_not_met PASSED [ 84%]
tests/cards/box3/test_box3_real_pipeline_v1_2.py::test_real_pipeline_requires_citation_marker_before_real_status PASSED [ 92%]
tests/cards/box3/test_box3_real_pipeline_v1_2.py::test_real_pipeline_passes_only_when_assets_runner_claims_and_metrics_pass PASSED [100%]

======================== 13 passed, 6 warnings in 0.26s ========================
